<?xml version="1.0" encoding="UTF-8"?>
<!-- Generated by org.testng.reporters.JUnitReportReporter -->
<testsuite hostname="CSCO-W-PF2WSYMW" failures="0" tests="4" name="com.backendtest.UserServiceTest" time="0.020" errors="0" timestamp="2024-01-20T17:58:58 IST" skipped="0">
  <testcase classname="com.backendtest.UserServiceTest" name="testRegisterUser_Failure_UsernameExists" time="0.016"/>
  <system-out/>
  <testcase classname="com.backendtest.UserServiceTest" name="testValidateCredentials_Failure_WrongPassword" time="0.001"/>
  <system-out/>
  <testcase classname="com.backendtest.UserServiceTest" name="testRegisterUser_Success" time="0.002"/>
  <system-out/>
  <testcase classname="com.backendtest.UserServiceTest" name="testValidateCredentials_Success" time="0.001"/>
  <system-out/>
</testsuite> <!-- com.backendtest.UserServiceTest -->
