<?xml version="1.0" encoding="UTF-8"?>
<!-- Generated by org.testng.reporters.JUnitReportReporter -->
<testsuite hostname="CSCO-W-PF2WSYMW" failures="0" tests="1" name="com.APITesting.RESTAPITesting" time="1.739" errors="0" timestamp="2024-01-20T18:37:03 IST" skipped="0">
  <testcase classname="com.APITesting.RESTAPITesting" name="testFlightSearchApi" time="1.739"/>
  <system-out/>
</testsuite> <!-- com.APITesting.RESTAPITesting -->
