<?xml version="1.0" encoding="UTF-8"?>
<!-- Generated by org.testng.reporters.JUnitReportReporter -->
<testsuite hostname="CSCO-W-PF2WSYMW" failures="0" tests="1" name="com.APITesting.RESTAPITesting" time="2.524" errors="0" timestamp="2024-01-21T16:51:46 IST" skipped="0">
  <testcase classname="com.APITesting.RESTAPITesting" name="testFlightSearchApi" time="2.524"/>
  <system-out/>
</testsuite> <!-- com.APITesting.RESTAPITesting -->
