<?xml version="1.0" encoding="UTF-8"?>
<!-- Generated by org.testng.reporters.JUnitReportReporter -->
<testsuite hostname="CSCO-W-PF2WSYMW" failures="0" tests="1" name="com.FlyAway.FlyAwayTest" time="3.884" errors="0" timestamp="2024-01-20T17:25:42 IST" skipped="0">
  <testcase classname="com.FlyAway.FlyAwayTest" name="testFlyaway" time="3.884"/>
  <system-out/>
</testsuite> <!-- com.FlyAway.FlyAwayTest -->
