<?xml version="1.0" encoding="UTF-8"?>
<!-- Generated by org.testng.reporters.JUnitReportReporter -->
<testsuite hostname="CSCO-W-PF2WSYMW" failures="0" tests="1" name="com.FlyAway.FlyAwayTest" time="4.472" errors="0" timestamp="2024-01-21T16:51:22 IST" skipped="0">
  <testcase classname="com.FlyAway.FlyAwayTest" name="testFlyaway" time="4.472"/>
  <system-out/>
</testsuite> <!-- com.FlyAway.FlyAwayTest -->
