<?xml version="1.0" encoding="UTF-8"?>
<!-- Generated by org.testng.reporters.JUnitReportReporter -->
<testsuite hostname="CSCO-W-PF2WSYMW" failures="0" tests="2" name="com.APITesting.RESTAPITesting" time="1.726" errors="0" timestamp="2024-01-22T15:15:52 IST" skipped="0">
  <testcase classname="com.APITesting.RESTAPITesting" name="testFlightSearchApi" time="0.066"/>
  <system-out/>
  <testcase classname="com.APITesting.RESTAPITesting" name="testFlightBookingAPI" time="1.660"/>
  <system-out/>
</testsuite> <!-- com.APITesting.RESTAPITesting -->
